#
# There is insufficient memory for the Java Runtime Environment to continue.
# Native memory allocation (malloc) failed to allocate 1048576 bytes. Error detail: AllocateHeap
# Possible reasons:
#   The system is out of physical RAM or swap space
#   This process is running with CompressedOops enabled, and the Java Heap may be blocking the growth of the native heap
# Possible solutions:
#   Reduce memory load on the system
#   Increase physical memory or swap space
#   Check if swap backing store is full
#   Decrease Java heap size (-Xmx/-Xms)
#   Decrease number of Java threads
#   Decrease Java thread stack sizes (-Xss)
#   Set larger code cache with -XX:ReservedCodeCacheSize=
#   JVM is running with Unscaled Compressed Oops mode in which the Java heap is
#     placed in the first 4GB address space. The Java Heap base address is the
#     maximum limit for the native heap growth. Please use -XX:HeapBaseMinAddress
#     to set the Java Heap base and to place the Java Heap above 4GB virtual address.
# This output file may be truncated or incomplete.
#
#  Out of Memory Error (allocation.cpp:44), pid=15192, tid=9856
#
# JRE version: OpenJDK Runtime Environment Temurin-21.0.9+10 (21.0.9+10) (build 21.0.9+10-LTS)
# Java VM: OpenJDK 64-Bit Server VM Temurin-21.0.9+10 (21.0.9+10-LTS, mixed mode, sharing, tiered, compressed oops, compressed class ptrs, parallel gc, windows-amd64)
# No core dump will be written. Minidumps are not enabled by default on client versions of Windows
#

---------------  S U M M A R Y ------------

Command Line: --add-modules=ALL-SYSTEM --add-opens=java.base/java.util=ALL-UNNAMED --add-opens=java.base/java.lang=ALL-UNNAMED --add-opens=java.base/sun.nio.fs=ALL-UNNAMED -Declipse.application=org.eclipse.jdt.ls.core.id1 -Dosgi.bundles.defaultStartLevel=4 -Declipse.product=org.eclipse.jdt.ls.core.product -Djava.import.generatesMetadataFilesAtProjectRoot=false -DDetectVMInstallationsJob.disabled=true -Dfile.encoding=utf8 -XX:+UseParallelGC -XX:GCTimeRatio=4 -XX:AdaptiveSizePolicyWeight=90 -Dsun.zip.disableMemoryMapping=true -Xmx2G -Xms100m -Xlog:disable -javaagent:c:\Users\jayen\.antigravity\extensions\redhat.java-1.52.0-win32-x64\lombok\lombok-1.18.39-4050.jar -XX:+HeapDumpOnOutOfMemoryError -XX:HeapDumpPath=c:\Users\jayen\AppData\Roaming\Antigravity\User\workspaceStorage\8c486b5229db75e263763b043a16339d\redhat.java -Daether.dependencyCollector.impl=bf c:\Users\jayen\.antigravity\extensions\redhat.java-1.52.0-win32-x64\server\plugins\org.eclipse.equinox.launcher_1.7.100.v20251111-0406.jar -configuration c:\Users\jayen\AppData\Roaming\Antigravity\User\globalStorage\redhat.java\1.52.0\config_win -data c:\Users\jayen\AppData\Roaming\Antigravity\User\workspaceStorage\8c486b5229db75e263763b043a16339d\redhat.java\jdt_ws --pipe=\\.\pipe\lsp-bd6dd22fe3711fcebb02ef3430508448-sock

Host: AMD Ryzen 5 7535HS with Radeon Graphics        , 12 cores, 7G,  Windows 11 , 64 bit Build 26100 (10.0.26100.7920)
Time: Sun Apr  5 08:26:28 2026 India Standard Time elapsed time: 2973.082254 seconds (0d 0h 49m 33s)

---------------  T H R E A D  ---------------

Current thread (0x0000022f1b00e230):  JavaThread "Attach Listener" daemon [_thread_in_vm, id=9856, stack(0x000000372a300000,0x000000372a400000) (1024K)]

Stack: [0x000000372a300000,0x000000372a400000]
Native frames: (J=compiled Java code, j=interpreted, Vv=VM code, C=native code)
V  [jvm.dll+0x6d6e29]
V  [jvm.dll+0x8b4b76]
V  [jvm.dll+0x8b712e]
V  [jvm.dll+0x8b7813]
V  [jvm.dll+0x283d86]
V  [jvm.dll+0xc1277]
V  [jvm.dll+0x6d76d9]
V  [jvm.dll+0x133466]
V  [jvm.dll+0x3f7ea6]
V  [jvm.dll+0x85e9ad]
V  [jvm.dll+0x6d565d]
C  [ucrtbase.dll+0x37b0]
C  [KERNEL32.DLL+0x2e8d7]
C  [ntdll.dll+0x8c48c]


---------------  P R O C E S S  ---------------

Threads class SMR info:
_java_thread_list=0x0000022f1f881610, length=42, elements={
0x0000022ebd55ec80, 0x0000022f1b0044b0, 0x0000022f1b008e80, 0x0000022f1b00b7d0,
0x0000022f1b00e230, 0x0000022f1b00ec80, 0x0000022f1b00f6d0, 0x0000022f1b012460,
0x0000022f1b02e3c0, 0x0000022f1b24feb0, 0x0000022f1b359550, 0x0000022f1b932cc0,
0x0000022f1c0635e0, 0x0000022f1b029400, 0x0000022f1b02dac0, 0x0000022f1b0ad3c0,
0x0000022f1b55a5f0, 0x0000022f1b13b1f0, 0x0000022f1b7a5050, 0x0000022f1c866df0,
0x0000022f1c868830, 0x0000022f1c8653b0, 0x0000022f1c865a40, 0x0000022f1c8660d0,
0x0000022f1d620e10, 0x0000022f1d61e020, 0x0000022f1d61fa60, 0x0000022f1d6200f0,
0x0000022f1d620780, 0x0000022f1d6214a0, 0x0000022f1d621b30, 0x0000022f1d61e6b0,
0x0000022f1d6221c0, 0x0000022f1d61ed40, 0x0000022f1d61f3d0, 0x0000022f1d622ee0,
0x0000022f21b2de70, 0x0000022f21b2d7e0, 0x0000022f21b2c430, 0x0000022f21b2b080,
0x0000022f217fa030, 0x0000022f217f7240
}

Java Threads: ( => current thread )
  0x0000022ebd55ec80 JavaThread "main"                              [_thread_blocked, id=13288, stack(0x0000003729c00000,0x0000003729d00000) (1024K)]
  0x0000022f1b0044b0 JavaThread "Reference Handler"          daemon [_thread_blocked, id=18908, stack(0x000000372a000000,0x000000372a100000) (1024K)]
  0x0000022f1b008e80 JavaThread "Finalizer"                  daemon [_thread_blocked, id=18144, stack(0x000000372a100000,0x000000372a200000) (1024K)]
  0x0000022f1b00b7d0 JavaThread "Signal Dispatcher"          daemon [_thread_blocked, id=9892, stack(0x000000372a200000,0x000000372a300000) (1024K)]
=>0x0000022f1b00e230 JavaThread "Attach Listener"            daemon [_thread_in_vm, id=9856, stack(0x000000372a300000,0x000000372a400000) (1024K)]
  0x0000022f1b00ec80 JavaThread "Service Thread"             daemon [_thread_blocked, id=7472, stack(0x000000372a400000,0x000000372a500000) (1024K)]
  0x0000022f1b00f6d0 JavaThread "Monitor Deflation Thread"   daemon [_thread_blocked, id=12884, stack(0x000000372a500000,0x000000372a600000) (1024K)]
  0x0000022f1b012460 JavaThread "C2 CompilerThread0"         daemon [_thread_blocked, id=9964, stack(0x000000372a600000,0x000000372a700000) (1024K)]
  0x0000022f1b02e3c0 JavaThread "C1 CompilerThread0"         daemon [_thread_blocked, id=10076, stack(0x000000372a700000,0x000000372a800000) (1024K)]
  0x0000022f1b24feb0 JavaThread "Common-Cleaner"             daemon [_thread_blocked, id=22512, stack(0x000000372a900000,0x000000372aa00000) (1024K)]
  0x0000022f1b359550 JavaThread "Notification Thread"        daemon [_thread_blocked, id=9900, stack(0x000000372a800000,0x000000372a900000) (1024K)]
  0x0000022f1b932cc0 JavaThread "Active Thread: Equinox Container: 3101c294-0329-4e9c-85c5-1572f1c27a67"        [_thread_blocked, id=7760, stack(0x000000372ab00000,0x000000372ac00000) (1024K)]
  0x0000022f1c0635e0 JavaThread "Refresh Thread: Equinox Container: 3101c294-0329-4e9c-85c5-1572f1c27a67" daemon [_thread_blocked, id=1252, stack(0x000000372b200000,0x000000372b300000) (1024K)]
  0x0000022f1b029400 JavaThread "Framework Event Dispatcher: Equinox Container: 3101c294-0329-4e9c-85c5-1572f1c27a67" daemon [_thread_blocked, id=1548, stack(0x000000372b300000,0x000000372b400000) (1024K)]
  0x0000022f1b02dac0 JavaThread "Start Level: Equinox Container: 3101c294-0329-4e9c-85c5-1572f1c27a67" daemon [_thread_blocked, id=17100, stack(0x000000372b400000,0x000000372b500000) (1024K)]
  0x0000022f1b0ad3c0 JavaThread "Bundle File Closer"         daemon [_thread_blocked, id=12888, stack(0x000000372b800000,0x000000372b900000) (1024K)]
  0x0000022f1b55a5f0 JavaThread "SCR Component Actor"        daemon [_thread_blocked, id=12352, stack(0x000000372b500000,0x000000372b600000) (1024K)]
  0x0000022f1b13b1f0 JavaThread "Worker-JM"                         [_thread_blocked, id=18336, stack(0x000000372bb00000,0x000000372bc00000) (1024K)]
  0x0000022f1b7a5050 JavaThread "JNA Cleaner"                daemon [_thread_blocked, id=2988, stack(0x000000372bc00000,0x000000372bd00000) (1024K)]
  0x0000022f1c866df0 JavaThread "Java indexing"              daemon [_thread_blocked, id=10276, stack(0x000000372bf00000,0x000000372c000000) (1024K)]
  0x0000022f1c868830 JavaThread "Thread-1"                   daemon [_thread_in_native, id=3152, stack(0x000000372c400000,0x000000372c500000) (1024K)]
  0x0000022f1c8653b0 JavaThread "Thread-2"                   daemon [_thread_in_native, id=13532, stack(0x000000372c500000,0x000000372c600000) (1024K)]
  0x0000022f1c865a40 JavaThread "Thread-3"                   daemon [_thread_in_native, id=13496, stack(0x000000372c600000,0x000000372c700000) (1024K)]
  0x0000022f1c8660d0 JavaThread "Thread-4"                   daemon [_thread_in_native, id=20888, stack(0x000000372c700000,0x000000372c800000) (1024K)]
  0x0000022f1d620e10 JavaThread "Thread-5"                   daemon [_thread_in_native, id=16404, stack(0x000000372c800000,0x000000372c900000) (1024K)]
  0x0000022f1d61e020 JavaThread "Thread-6"                   daemon [_thread_in_native, id=16508, stack(0x000000372c900000,0x000000372ca00000) (1024K)]
  0x0000022f1d61fa60 JavaThread "Thread-7"                   daemon [_thread_in_native, id=13960, stack(0x000000372ca00000,0x000000372cb00000) (1024K)]
  0x0000022f1d6200f0 JavaThread "Thread-8"                   daemon [_thread_in_native, id=6788, stack(0x000000372cb00000,0x000000372cc00000) (1024K)]
  0x0000022f1d620780 JavaThread "Thread-9"                   daemon [_thread_in_native, id=11484, stack(0x000000372cc00000,0x000000372cd00000) (1024K)]
  0x0000022f1d6214a0 JavaThread "Thread-10"                  daemon [_thread_in_native, id=19604, stack(0x000000372cd00000,0x000000372ce00000) (1024K)]
  0x0000022f1d621b30 JavaThread "Thread-11"                  daemon [_thread_in_native, id=16532, stack(0x000000372ce00000,0x000000372cf00000) (1024K)]
  0x0000022f1d61e6b0 JavaThread "Thread-12"                  daemon [_thread_in_native, id=14864, stack(0x000000372cf00000,0x000000372d000000) (1024K)]
  0x0000022f1d6221c0 JavaThread "Thread-13"                  daemon [_thread_in_native, id=17732, stack(0x000000372d000000,0x000000372d100000) (1024K)]
  0x0000022f1d61ed40 JavaThread "pool-2-thread-1"                   [_thread_blocked, id=21612, stack(0x000000372d100000,0x000000372d200000) (1024K)]
  0x0000022f1d61f3d0 JavaThread "WorkspaceEventsHandler"            [_thread_blocked, id=19268, stack(0x000000372d300000,0x000000372d400000) (1024K)]
  0x0000022f1d622ee0 JavaThread "pool-1-thread-1"                   [_thread_blocked, id=11940, stack(0x000000372d400000,0x000000372d500000) (1024K)]
  0x0000022f21b2de70 JavaThread "Cleaner-0"                  daemon [_thread_blocked, id=14232, stack(0x0000003730300000,0x0000003730400000) (1024K)]
  0x0000022f21b2d7e0 JavaThread "Java Debug Server"          daemon [_thread_in_native, id=20948, stack(0x0000003729b00000,0x0000003729c00000) (1024K)]
  0x0000022f21b2c430 JavaThread "RxSchedulerPurge-1"         daemon [_thread_blocked, id=19812, stack(0x000000372ba00000,0x000000372bb00000) (1024K)]
  0x0000022f21b2b080 JavaThread "RxCachedWorkerPoolEvictor-1" daemon [_thread_blocked, id=14784, stack(0x000000372be00000,0x000000372bf00000) (1024K)]
  0x0000022f217fa030 JavaThread "Worker-12"                         [_thread_blocked, id=1456, stack(0x000000372bd00000,0x000000372be00000) (1024K)]
  0x0000022f217f7240 JavaThread "Worker-13"                         [_thread_blocked, id=26516, stack(0x000000372d500000,0x000000372d600000) (1024K)]
Total: 42

Other Threads:
  0x0000022f151e4ff0 VMThread "VM Thread"                           [id=4368, stack(0x0000003729f00000,0x000000372a000000) (1024K)]
  0x0000022f150dca00 WatcherThread "VM Periodic Task Thread"        [id=7624, stack(0x0000003729e00000,0x0000003729f00000) (1024K)]
  0x0000022ebd57c240 WorkerThread "GC Thread#0"                     [id=17004, stack(0x0000003729d00000,0x0000003729e00000) (1024K)]
  0x0000022f1b8dbd30 WorkerThread "GC Thread#1"                     [id=3920, stack(0x000000372ac00000,0x000000372ad00000) (1024K)]
  0x0000022f1b8dc0d0 WorkerThread "GC Thread#2"                     [id=6488, stack(0x000000372ad00000,0x000000372ae00000) (1024K)]
  0x0000022f1b8db250 WorkerThread "GC Thread#3"                     [id=9056, stack(0x000000372ae00000,0x000000372af00000) (1024K)]
  0x0000022f1b8dc470 WorkerThread "GC Thread#4"                     [id=8276, stack(0x000000372af00000,0x000000372b000000) (1024K)]
  0x0000022f1b8dc810 WorkerThread "GC Thread#5"                     [id=10012, stack(0x000000372b000000,0x000000372b100000) (1024K)]
  0x0000022f1b8daeb0 WorkerThread "GC Thread#6"                     [id=6860, stack(0x000000372b100000,0x000000372b200000) (1024K)]
  0x0000022f1b72cc00 WorkerThread "GC Thread#7"                     [id=13068, stack(0x000000372aa00000,0x000000372ab00000) (1024K)]
  0x0000022f1b72bd80 WorkerThread "GC Thread#8"                     [id=7588, stack(0x000000372b600000,0x000000372b700000) (1024K)]
  0x0000022f1b72c4c0 WorkerThread "GC Thread#9"                     [id=12972, stack(0x000000372b700000,0x000000372b800000) (1024K)]
Total: 12

Threads with active compile tasks:
Total: 0

VM state: not at safepoint (normal execution)

VM Mutex/Monitor currently owned by a thread: None

Heap address: 0x0000000080000000, size: 2048 MB, Compressed Oops mode: 32-bit

CDS archive(s) mapped at: [0x0000022ed4000000-0x0000022ed4ba0000-0x0000022ed4ba0000), size 12189696, SharedBaseAddress: 0x0000022ed4000000, ArchiveRelocationMode: 1.
Compressed class space mapped at: 0x0000022ed5000000-0x0000022f15000000, reserved size: 1073741824
Narrow klass base: 0x0000022ed4000000, Narrow klass shift: 0, Narrow klass range: 0x100000000

GC Precious Log:
 CardTable entry size: 512
 CPUs: 12 total, 12 available
 Memory: 7381M
 Large Page Support: Disabled
 NUMA Support: Disabled
 Compressed Oops: Enabled (32-bit)
 Alignments: Space 512K, Generation 512K, Heap 2M
 Heap Min Capacity: 100M
 Heap Initial Capacity: 100M
 Heap Max Capacity: 2G
 Pre-touch: Disabled
 Parallel Workers: 10

Heap:
 PSYoungGen      total 14848K, used 11087K [0x00000000d5580000, 0x00000000d6c00000, 0x0000000100000000)
  eden space 12288K, 69% used [0x00000000d5580000,0x00000000d5ddb1c0,0x00000000d6180000)
  from space 2560K, 98% used [0x00000000d6600000,0x00000000d6878db8,0x00000000d6880000)
  to   space 4608K, 0% used [0x00000000d6180000,0x00000000d6180000,0x00000000d6600000)
 ParOldGen       total 108032K, used 108002K [0x0000000080000000, 0x0000000086980000, 0x00000000d5580000)
  object space 108032K, 99% used [0x0000000080000000,0x0000000086978890,0x0000000086980000)
 Metaspace       used 75950K, committed 77504K, reserved 1179648K
  class space    used 8010K, committed 8704K, reserved 1048576K

Card table byte_map: [0x0000022ebcf00000,0x0000022ebd310000] _byte_map_base: 0x0000022ebcb00000

Marking Bits: (ParMarkBitMap*) 0x00007ffc77012460
 Begin Bits: [0x0000022ecfa10000, 0x0000022ed1a10000)
 End Bits:   [0x0000022ed1a10000, 0x0000022ed3a10000)

Polling page: 0x0000022ebb7c0000

Metaspace:

Usage:
  Non-class:     66.35 MB used.
      Class:      7.82 MB used.
       Both:     74.17 MB used.

Virtual space:
  Non-class space:      128.00 MB reserved,      67.19 MB ( 52%) committed,  2 nodes.
      Class space:        1.00 GB reserved,       8.50 MB ( <1%) committed,  1 nodes.
             Both:        1.12 GB reserved,      75.69 MB (  7%) committed. 

Chunk freelists:
   Non-Class:  11.92 MB
       Class:  7.48 MB
        Both:  19.40 MB

MaxMetaspaceSize: unlimited
CompressedClassSpaceSize: 1.00 GB
Initial GC threshold: 21.00 MB
Current GC threshold: 97.31 MB
CDS: on
 - commit_granule_bytes: 65536.
 - commit_granule_words: 8192.
 - virtual_space_node_default_size: 8388608.
 - enlarge_chunks_in_place: 1.
 - use_allocation_guard: 0.


Internal statistics:

num_allocs_failed_limit: 11.
num_arena_births: 1224.
num_arena_deaths: 14.
num_vsnodes_births: 3.
num_vsnodes_deaths: 0.
num_space_committed: 1211.
num_space_uncommitted: 0.
num_chunks_returned_to_freelist: 25.
num_chunks_taken_from_freelist: 4575.
num_chunk_merges: 16.
num_chunk_splits: 2843.
num_chunks_enlarged: 1659.
num_inconsistent_stats: 0.

CodeHeap 'non-profiled nmethods': size=120000Kb used=10467Kb max_used=10467Kb free=109532Kb
 bounds [0x0000022ec8230000, 0x0000022ec8c70000, 0x0000022ecf760000]
CodeHeap 'profiled nmethods': size=120000Kb used=30008Kb max_used=30008Kb free=89992Kb
 bounds [0x0000022ec0760000, 0x0000022ec24b0000, 0x0000022ec7c90000]
CodeHeap 'non-nmethods': size=5760Kb used=1520Kb max_used=1583Kb free=4240Kb
 bounds [0x0000022ec7c90000, 0x0000022ec7f00000, 0x0000022ec8230000]
CodeCache: size=245760Kb, used=41995Kb, max_used=42058Kb, free=203764Kb
 total_blobs=13387, nmethods=12555, adapters=736, full_count=0
Compilation: enabled, stopped_count=0, restarted_count=0

Compilation events (20 events):
Event: 2370.417 Thread 0x0000022f1b02e3c0 13287   !   3       java.lang.ref.ReferenceQueue::remove (61 bytes)
Event: 2370.419 Thread 0x0000022f1b02e3c0 nmethod 13287 0x0000022ec24ab590 code [0x0000022ec24ab820, 0x0000022ec24ac3a8]
Event: 2370.419 Thread 0x0000022f1b02e3c0 13288       3       java.lang.ref.ReferenceQueue::remove0 (64 bytes)
Event: 2370.419 Thread 0x0000022f1b02e3c0 nmethod 13288 0x0000022ec24ac790 code [0x0000022ec24ac9a0, 0x0000022ec24ace20]
Event: 2405.322 Thread 0x0000022f1b012460 13289       4       java.util.concurrent.locks.AbstractQueuedSynchronizer$Node::setStatusRelaxed (12 bytes)
Event: 2405.323 Thread 0x0000022f1b012460 nmethod 13289 0x0000022ec8c65790 code [0x0000022ec8c65920, 0x0000022ec8c659b0]
Event: 2502.555 Thread 0x0000022f1b012460 13290       4       java.util.concurrent.TimeUnit::convert (73 bytes)
Event: 2502.572 Thread 0x0000022f1b012460 nmethod 13290 0x0000022ec8c65a90 code [0x0000022ec8c65c40, 0x0000022ec8c65dd0]
Event: 2506.554 Thread 0x0000022f1b012460 13291       4       java.util.concurrent.locks.AbstractQueuedSynchronizer$ConditionObject::canReacquire (38 bytes)
Event: 2506.555 Thread 0x0000022f1b012460 nmethod 13291 0x0000022ec8c65f10 code [0x0000022ec8c660a0, 0x0000022ec8c66180]
Event: 2585.464 Thread 0x0000022f1b02e3c0 13292       3       org.eclipse.jdt.ls.core.internal.ParentProcessWatcher::run (83 bytes)
Event: 2585.494 Thread 0x0000022f1b02e3c0 nmethod 13292 0x0000022ec24acf90 code [0x0000022ec24ad220, 0x0000022ec24adc78]
Event: 2650.548 Thread 0x0000022f1b012460 13293   !   4       java.util.concurrent.locks.AbstractQueuedSynchronizer::acquire (424 bytes)
Event: 2650.604 Thread 0x0000022f1b012460 nmethod 13293 0x0000022ec8c66290 code [0x0000022ec8c66520, 0x0000022ec8c675d8]
Event: 2772.560 Thread 0x0000022f1b012460 13294       4       java.util.concurrent.ScheduledThreadPoolExecutor$ScheduledFutureTask::getDelay (16 bytes)
Event: 2772.579 Thread 0x0000022f1b012460 nmethod 13294 0x0000022ec8c68190 code [0x0000022ec8c68340, 0x0000022ec8c684d8]
Event: 2802.553 Thread 0x0000022f1b012460 13295       4       java.util.concurrent.locks.AbstractQueuedSynchronizer$Node::getAndUnsetStatus (14 bytes)
Event: 2802.554 Thread 0x0000022f1b012460 nmethod 13295 0x0000022ec8c68690 code [0x0000022ec8c68820, 0x0000022ec8c688f0]
Event: 2935.550 Thread 0x0000022f1b012460 13296   !   4       java.util.concurrent.locks.AbstractQueuedSynchronizer::tryInitializeHead (66 bytes)
Event: 2935.555 Thread 0x0000022f1b012460 nmethod 13296 0x0000022ec8c68990 code [0x0000022ec8c68b20, 0x0000022ec8c68cf0]

GC Heap History (20 events):
Event: 1872.210 GC heap before
{Heap before GC invocations=76 (full 3):
 PSYoungGen      total 18432K, used 18413K [0x00000000d5580000, 0x00000000d7500000, 0x0000000100000000)
  eden space 13824K, 100% used [0x00000000d5580000,0x00000000d6300000,0x00000000d6300000)
  from space 4608K, 99% used [0x00000000d6a80000,0x00000000d6efb480,0x00000000d6f00000)
  to   space 7680K, 0% used [0x00000000d6300000,0x00000000d6300000,0x00000000d6a80000)
 ParOldGen       total 98304K, used 98145K [0x0000000080000000, 0x0000000086000000, 0x00000000d5580000)
  object space 98304K, 99% used [0x0000000080000000,0x0000000085fd85e0,0x0000000086000000)
 Metaspace       used 75573K, committed 77120K, reserved 1179648K
  class space    used 7996K, committed 8640K, reserved 1048576K
}
Event: 1872.214 GC heap after
{Heap after GC invocations=76 (full 3):
 PSYoungGen      total 21504K, used 7466K [0x00000000d5580000, 0x00000000d7200000, 0x0000000100000000)
  eden space 13824K, 0% used [0x00000000d5580000,0x00000000d5580000,0x00000000d6300000)
  from space 7680K, 97% used [0x00000000d6300000,0x00000000d6a4a900,0x00000000d6a80000)
  to   space 7680K, 0% used [0x00000000d6a80000,0x00000000d6a80000,0x00000000d7200000)
 ParOldGen       total 98304K, used 98225K [0x0000000080000000, 0x0000000086000000, 0x00000000d5580000)
  object space 98304K, 99% used [0x0000000080000000,0x0000000085fec5e0,0x0000000086000000)
 Metaspace       used 75573K, committed 77120K, reserved 1179648K
  class space    used 7996K, committed 8640K, reserved 1048576K
}
Event: 2020.826 GC heap before
{Heap before GC invocations=77 (full 3):
 PSYoungGen      total 21504K, used 21290K [0x00000000d5580000, 0x00000000d7200000, 0x0000000100000000)
  eden space 13824K, 100% used [0x00000000d5580000,0x00000000d6300000,0x00000000d6300000)
  from space 7680K, 97% used [0x00000000d6300000,0x00000000d6a4a900,0x00000000d6a80000)
  to   space 7680K, 0% used [0x00000000d6a80000,0x00000000d6a80000,0x00000000d7200000)
 ParOldGen       total 98304K, used 98225K [0x0000000080000000, 0x0000000086000000, 0x00000000d5580000)
  object space 98304K, 99% used [0x0000000080000000,0x0000000085fec5e0,0x0000000086000000)
 Metaspace       used 75576K, committed 77120K, reserved 1179648K
  class space    used 7996K, committed 8640K, reserved 1048576K
}
Event: 2020.830 GC heap after
{Heap after GC invocations=77 (full 3):
 PSYoungGen      total 21504K, used 7147K [0x00000000d5580000, 0x00000000d7200000, 0x0000000100000000)
  eden space 13824K, 0% used [0x00000000d5580000,0x00000000d5580000,0x00000000d6300000)
  from space 7680K, 93% used [0x00000000d6a80000,0x00000000d717aec0,0x00000000d7200000)
  to   space 7680K, 0% used [0x00000000d6300000,0x00000000d6300000,0x00000000d6a80000)
 ParOldGen       total 98304K, used 98281K [0x0000000080000000, 0x0000000086000000, 0x00000000d5580000)
  object space 98304K, 99% used [0x0000000080000000,0x0000000085ffa5e0,0x0000000086000000)
 Metaspace       used 75576K, committed 77120K, reserved 1179648K
  class space    used 7996K, committed 8640K, reserved 1048576K
}
Event: 2028.577 GC heap before
{Heap before GC invocations=78 (full 3):
 PSYoungGen      total 21504K, used 20746K [0x00000000d5580000, 0x00000000d7200000, 0x0000000100000000)
  eden space 13824K, 98% used [0x00000000d5580000,0x00000000d62c7be0,0x00000000d6300000)
  from space 7680K, 93% used [0x00000000d6a80000,0x00000000d717aec0,0x00000000d7200000)
  to   space 7680K, 0% used [0x00000000d6300000,0x00000000d6300000,0x00000000d6a80000)
 ParOldGen       total 98304K, used 98281K [0x0000000080000000, 0x0000000086000000, 0x00000000d5580000)
  object space 98304K, 99% used [0x0000000080000000,0x0000000085ffa5e0,0x0000000086000000)
 Metaspace       used 75625K, committed 77120K, reserved 1179648K
  class space    used 7997K, committed 8640K, reserved 1048576K
}
Event: 2028.579 GC heap after
{Heap after GC invocations=78 (full 3):
 PSYoungGen      total 14336K, used 352K [0x00000000d5580000, 0x00000000d6b00000, 0x0000000100000000)
  eden space 13824K, 0% used [0x00000000d5580000,0x00000000d5580000,0x00000000d6300000)
  from space 512K, 68% used [0x00000000d6300000,0x00000000d6358040,0x00000000d6380000)
  to   space 3072K, 0% used [0x00000000d6800000,0x00000000d6800000,0x00000000d6b00000)
 ParOldGen       total 98816K, used 98345K [0x0000000080000000, 0x0000000086080000, 0x00000000d5580000)
  object space 98816K, 99% used [0x0000000080000000,0x000000008600a5e0,0x0000000086080000)
 Metaspace       used 75625K, committed 77120K, reserved 1179648K
  class space    used 7997K, committed 8640K, reserved 1048576K
}
Event: 2028.681 GC heap before
{Heap before GC invocations=79 (full 3):
 PSYoungGen      total 14336K, used 14176K [0x00000000d5580000, 0x00000000d6b00000, 0x0000000100000000)
  eden space 13824K, 100% used [0x00000000d5580000,0x00000000d6300000,0x00000000d6300000)
  from space 512K, 68% used [0x00000000d6300000,0x00000000d6358040,0x00000000d6380000)
  to   space 3072K, 0% used [0x00000000d6800000,0x00000000d6800000,0x00000000d6b00000)
 ParOldGen       total 98816K, used 98345K [0x0000000080000000, 0x0000000086080000, 0x00000000d5580000)
  object space 98816K, 99% used [0x0000000080000000,0x000000008600a5e0,0x0000000086080000)
 Metaspace       used 75634K, committed 77120K, reserved 1179648K
  class space    used 7997K, committed 8640K, reserved 1048576K
}
Event: 2028.686 GC heap after
{Heap after GC invocations=79 (full 3):
 PSYoungGen      total 14848K, used 608K [0x00000000d5580000, 0x00000000d6900000, 0x0000000100000000)
  eden space 13824K, 0% used [0x00000000d5580000,0x00000000d5580000,0x00000000d6300000)
  from space 1024K, 59% used [0x00000000d6800000,0x00000000d6898000,0x00000000d6900000)
  to   space 1024K, 0% used [0x00000000d6700000,0x00000000d6700000,0x00000000d6800000)
 ParOldGen       total 98816K, used 98641K [0x0000000080000000, 0x0000000086080000, 0x00000000d5580000)
  object space 98816K, 99% used [0x0000000080000000,0x0000000086054620,0x0000000086080000)
 Metaspace       used 75634K, committed 77120K, reserved 1179648K
  class space    used 7997K, committed 8640K, reserved 1048576K
}
Event: 2044.497 GC heap before
{Heap before GC invocations=80 (full 3):
 PSYoungGen      total 14848K, used 14432K [0x00000000d5580000, 0x00000000d6900000, 0x0000000100000000)
  eden space 13824K, 100% used [0x00000000d5580000,0x00000000d6300000,0x00000000d6300000)
  from space 1024K, 59% used [0x00000000d6800000,0x00000000d6898000,0x00000000d6900000)
  to   space 1024K, 0% used [0x00000000d6700000,0x00000000d6700000,0x00000000d6800000)
 ParOldGen       total 98816K, used 98641K [0x0000000080000000, 0x0000000086080000, 0x00000000d5580000)
  object space 98816K, 99% used [0x0000000080000000,0x0000000086054620,0x0000000086080000)
 Metaspace       used 75683K, committed 77248K, reserved 1179648K
  class space    used 7998K, committed 8704K, reserved 1048576K
}
Event: 2044.504 GC heap after
{Heap after GC invocations=80 (full 3):
 PSYoungGen      total 14848K, used 1022K [0x00000000d5580000, 0x00000000d6e00000, 0x0000000100000000)
  eden space 13824K, 0% used [0x00000000d5580000,0x00000000d5580000,0x00000000d6300000)
  from space 1024K, 99% used [0x00000000d6700000,0x00000000d67ffa48,0x00000000d6800000)
  to   space 5632K, 0% used [0x00000000d6880000,0x00000000d6880000,0x00000000d6e00000)
 ParOldGen       total 102400K, used 102104K [0x0000000080000000, 0x0000000086400000, 0x00000000d5580000)
  object space 102400K, 99% used [0x0000000080000000,0x00000000863b6068,0x0000000086400000)
 Metaspace       used 75683K, committed 77248K, reserved 1179648K
  class space    used 7998K, committed 8704K, reserved 1048576K
}
Event: 2044.689 GC heap before
{Heap before GC invocations=81 (full 3):
 PSYoungGen      total 14848K, used 14846K [0x00000000d5580000, 0x00000000d6e00000, 0x0000000100000000)
  eden space 13824K, 100% used [0x00000000d5580000,0x00000000d6300000,0x00000000d6300000)
  from space 1024K, 99% used [0x00000000d6700000,0x00000000d67ffa48,0x00000000d6800000)
  to   space 5632K, 0% used [0x00000000d6880000,0x00000000d6880000,0x00000000d6e00000)
 ParOldGen       total 102400K, used 102104K [0x0000000080000000, 0x0000000086400000, 0x00000000d5580000)
  object space 102400K, 99% used [0x0000000080000000,0x00000000863b6068,0x0000000086400000)
 Metaspace       used 75727K, committed 77312K, reserved 1179648K
  class space    used 8001K, committed 8704K, reserved 1048576K
}
Event: 2044.693 GC heap after
{Heap after GC invocations=81 (full 3):
 PSYoungGen      total 15360K, used 1296K [0x00000000d5580000, 0x00000000d6a00000, 0x0000000100000000)
  eden space 13824K, 0% used [0x00000000d5580000,0x00000000d5580000,0x00000000d6300000)
  from space 1536K, 84% used [0x00000000d6880000,0x00000000d69c4050,0x00000000d6a00000)
  to   space 2560K, 0% used [0x00000000d6500000,0x00000000d6500000,0x00000000d6780000)
 ParOldGen       total 102400K, used 102245K [0x0000000080000000, 0x0000000086400000, 0x00000000d5580000)
  object space 102400K, 99% used [0x0000000080000000,0x00000000863d9710,0x0000000086400000)
 Metaspace       used 75727K, committed 77312K, reserved 1179648K
  class space    used 8001K, committed 8704K, reserved 1048576K
}
Event: 2051.794 GC heap before
{Heap before GC invocations=82 (full 3):
 PSYoungGen      total 15360K, used 15120K [0x00000000d5580000, 0x00000000d6a00000, 0x0000000100000000)
  eden space 13824K, 100% used [0x00000000d5580000,0x00000000d6300000,0x00000000d6300000)
  from space 1536K, 84% used [0x00000000d6880000,0x00000000d69c4050,0x00000000d6a00000)
  to   space 2560K, 0% used [0x00000000d6500000,0x00000000d6500000,0x00000000d6780000)
 ParOldGen       total 102400K, used 102245K [0x0000000080000000, 0x0000000086400000, 0x00000000d5580000)
  object space 102400K, 99% used [0x0000000080000000,0x00000000863d9710,0x0000000086400000)
 Metaspace       used 75821K, committed 77376K, reserved 1179648K
  class space    used 8010K, committed 8704K, reserved 1048576K
}
Event: 2051.797 GC heap after
{Heap after GC invocations=82 (full 3):
 PSYoungGen      total 16384K, used 2548K [0x00000000d5580000, 0x00000000d6d00000, 0x0000000100000000)
  eden space 13824K, 0% used [0x00000000d5580000,0x00000000d5580000,0x00000000d6300000)
  from space 2560K, 99% used [0x00000000d6500000,0x00000000d677d110,0x00000000d6780000)
  to   space 5120K, 0% used [0x00000000d6800000,0x00000000d6800000,0x00000000d6d00000)
 ParOldGen       total 103936K, used 103837K [0x0000000080000000, 0x0000000086580000, 0x00000000d5580000)
  object space 103936K, 99% used [0x0000000080000000,0x0000000086567760,0x0000000086580000)
 Metaspace       used 75821K, committed 77376K, reserved 1179648K
  class space    used 8010K, committed 8704K, reserved 1048576K
}
Event: 2061.635 GC heap before
{Heap before GC invocations=83 (full 3):
 PSYoungGen      total 16384K, used 16372K [0x00000000d5580000, 0x00000000d6d00000, 0x0000000100000000)
  eden space 13824K, 100% used [0x00000000d5580000,0x00000000d6300000,0x00000000d6300000)
  from space 2560K, 99% used [0x00000000d6500000,0x00000000d677d110,0x00000000d6780000)
  to   space 5120K, 0% used [0x00000000d6800000,0x00000000d6800000,0x00000000d6d00000)
 ParOldGen       total 103936K, used 103837K [0x0000000080000000, 0x0000000086580000, 0x00000000d5580000)
  object space 103936K, 99% used [0x0000000080000000,0x0000000086567760,0x0000000086580000)
 Metaspace       used 75876K, committed 77440K, reserved 1179648K
  class space    used 8010K, committed 8704K, reserved 1048576K
}
Event: 2061.641 GC heap after
{Heap after GC invocations=83 (full 3):
 PSYoungGen      total 18944K, used 4733K [0x00000000d5580000, 0x00000000d6d00000, 0x0000000100000000)
  eden space 13824K, 0% used [0x00000000d5580000,0x00000000d5580000,0x00000000d6300000)
  from space 5120K, 92% used [0x00000000d6800000,0x00000000d6c9f4d0,0x00000000d6d00000)
  to   space 5120K, 0% used [0x00000000d6300000,0x00000000d6300000,0x00000000d6800000)
 ParOldGen       total 106496K, used 106418K [0x0000000080000000, 0x0000000086800000, 0x00000000d5580000)
  object space 106496K, 99% used [0x0000000080000000,0x00000000867ec870,0x0000000086800000)
 Metaspace       used 75876K, committed 77440K, reserved 1179648K
  class space    used 8010K, committed 8704K, reserved 1048576K
}
Event: 2061.971 GC heap before
{Heap before GC invocations=84 (full 3):
 PSYoungGen      total 18944K, used 18557K [0x00000000d5580000, 0x00000000d6d00000, 0x0000000100000000)
  eden space 13824K, 100% used [0x00000000d5580000,0x00000000d6300000,0x00000000d6300000)
  from space 5120K, 92% used [0x00000000d6800000,0x00000000d6c9f4d0,0x00000000d6d00000)
  to   space 5120K, 0% used [0x00000000d6300000,0x00000000d6300000,0x00000000d6800000)
 ParOldGen       total 106496K, used 106418K [0x0000000080000000, 0x0000000086800000, 0x00000000d5580000)
  object space 106496K, 99% used [0x0000000080000000,0x00000000867ec870,0x0000000086800000)
 Metaspace       used 75885K, committed 77440K, reserved 1179648K
  class space    used 8010K, committed 8704K, reserved 1048576K
}
Event: 2061.974 GC heap after
{Heap after GC invocations=84 (full 3):
 PSYoungGen      total 14848K, used 768K [0x00000000d5580000, 0x00000000d6880000, 0x0000000100000000)
  eden space 13824K, 0% used [0x00000000d5580000,0x00000000d5580000,0x00000000d6300000)
  from space 1024K, 75% used [0x00000000d6300000,0x00000000d63c0000,0x00000000d6400000)
  to   space 2560K, 0% used [0x00000000d6600000,0x00000000d6600000,0x00000000d6880000)
 ParOldGen       total 107008K, used 106626K [0x0000000080000000, 0x0000000086880000, 0x00000000d5580000)
  object space 107008K, 99% used [0x0000000080000000,0x0000000086820890,0x0000000086880000)
 Metaspace       used 75885K, committed 77440K, reserved 1179648K
  class space    used 8010K, committed 8704K, reserved 1048576K
}
Event: 2070.371 GC heap before
{Heap before GC invocations=85 (full 3):
 PSYoungGen      total 14848K, used 14592K [0x00000000d5580000, 0x00000000d6880000, 0x0000000100000000)
  eden space 13824K, 100% used [0x00000000d5580000,0x00000000d6300000,0x00000000d6300000)
  from space 1024K, 75% used [0x00000000d6300000,0x00000000d63c0000,0x00000000d6400000)
  to   space 2560K, 0% used [0x00000000d6600000,0x00000000d6600000,0x00000000d6880000)
 ParOldGen       total 107008K, used 106626K [0x0000000080000000, 0x0000000086880000, 0x00000000d5580000)
  object space 107008K, 99% used [0x0000000080000000,0x0000000086820890,0x0000000086880000)
 Metaspace       used 75898K, committed 77440K, reserved 1179648K
  class space    used 8010K, committed 8704K, reserved 1048576K
}
Event: 2070.374 GC heap after
{Heap after GC invocations=85 (full 3):
 PSYoungGen      total 14848K, used 2531K [0x00000000d5580000, 0x00000000d6c00000, 0x0000000100000000)
  eden space 12288K, 0% used [0x00000000d5580000,0x00000000d5580000,0x00000000d6180000)
  from space 2560K, 98% used [0x00000000d6600000,0x00000000d6878db8,0x00000000d6880000)
  to   space 4608K, 0% used [0x00000000d6180000,0x00000000d6180000,0x00000000d6600000)
 ParOldGen       total 108032K, used 108002K [0x0000000080000000, 0x0000000086980000, 0x00000000d5580000)
  object space 108032K, 99% used [0x0000000080000000,0x0000000086978890,0x0000000086980000)
 Metaspace       used 75898K, committed 77440K, reserved 1179648K
  class space    used 8010K, committed 8704K, reserved 1048576K
}

Dll operation events (12 events):
Event: 0.017 Loaded shared library c:\Users\jayen\.antigravity\extensions\redhat.java-1.52.0-win32-x64\jre\21.0.9-win32-x86_64\bin\java.dll
Event: 0.141 Loaded shared library c:\Users\jayen\.antigravity\extensions\redhat.java-1.52.0-win32-x64\jre\21.0.9-win32-x86_64\bin\zip.dll
Event: 0.173 Loaded shared library C:\Users\jayen\.antigravity\extensions\redhat.java-1.52.0-win32-x64\jre\21.0.9-win32-x86_64\bin\instrument.dll
Event: 0.250 Loaded shared library C:\Users\jayen\.antigravity\extensions\redhat.java-1.52.0-win32-x64\jre\21.0.9-win32-x86_64\bin\net.dll
Event: 0.298 Loaded shared library C:\Users\jayen\.antigravity\extensions\redhat.java-1.52.0-win32-x64\jre\21.0.9-win32-x86_64\bin\nio.dll
Event: 0.301 Loaded shared library C:\Users\jayen\.antigravity\extensions\redhat.java-1.52.0-win32-x64\jre\21.0.9-win32-x86_64\bin\zip.dll
Event: 0.320 Loaded shared library C:\Users\jayen\.antigravity\extensions\redhat.java-1.52.0-win32-x64\jre\21.0.9-win32-x86_64\bin\jimage.dll
Event: 0.491 Loaded shared library c:\Users\jayen\.antigravity\extensions\redhat.java-1.52.0-win32-x64\jre\21.0.9-win32-x86_64\bin\verify.dll
Event: 10.814 Loaded shared library C:\Users\jayen\AppData\Roaming\Antigravity\User\globalStorage\redhat.java\1.52.0\config_win\org.eclipse.equinox.launcher\org.eclipse.equinox.launcher.win32.win32.x86_64_1.2.1500.v20260121-1430\eclipse_11919.dll
Event: 22.241 Loaded shared library C:\Users\jayen\AppData\Local\Temp\jna--415109749\jna5730284289503846009.dll
Event: 23.593 Loaded shared library C:\Users\jayen\.antigravity\extensions\redhat.java-1.52.0-win32-x64\jre\21.0.9-win32-x86_64\bin\sunmscapi.dll
Event: 24.060 Loaded shared library C:\Users\jayen\.antigravity\extensions\redhat.java-1.52.0-win32-x64\jre\21.0.9-win32-x86_64\bin\extnet.dll

Deoptimization events (20 events):
Event: 2044.750 Thread 0x0000022f21b2eb90 Uncommon trap: trap_request=0xffffffde fr.pc=0x0000022ec8be5c6c relative=0x00000000000000ac
Event: 2044.750 Thread 0x0000022f21b2eb90 Uncommon trap: reason=class_check action=maybe_recompile pc=0x0000022ec8be5c6c method=java.util.regex.Pattern$Node.study(Ljava/util/regex/Pattern$TreeInfo;)Z @ 12 c2
Event: 2044.750 Thread 0x0000022f21b2eb90 DEOPT PACKING pc=0x0000022ec8be5c6c sp=0x000000372c1fde30
Event: 2044.750 Thread 0x0000022f21b2eb90 DEOPT UNPACKING pc=0x0000022ec7ce3aa2 sp=0x000000372c1fddc8 mode 2
Event: 2044.750 Thread 0x0000022f21b2eb90 Uncommon trap: trap_request=0xffffffde fr.pc=0x0000022ec8be5c6c relative=0x00000000000000ac
Event: 2044.750 Thread 0x0000022f21b2eb90 Uncommon trap: reason=class_check action=maybe_recompile pc=0x0000022ec8be5c6c method=java.util.regex.Pattern$Node.study(Ljava/util/regex/Pattern$TreeInfo;)Z @ 12 c2
Event: 2044.750 Thread 0x0000022f21b2eb90 DEOPT PACKING pc=0x0000022ec8be5c6c sp=0x000000372c1fddc0
Event: 2044.750 Thread 0x0000022f21b2eb90 DEOPT UNPACKING pc=0x0000022ec7ce3aa2 sp=0x000000372c1fdd58 mode 2
Event: 2044.750 Thread 0x0000022f21b2eb90 Uncommon trap: trap_request=0xffffffde fr.pc=0x0000022ec8be5c6c relative=0x00000000000000ac
Event: 2044.750 Thread 0x0000022f21b2eb90 Uncommon trap: reason=class_check action=maybe_recompile pc=0x0000022ec8be5c6c method=java.util.regex.Pattern$Node.study(Ljava/util/regex/Pattern$TreeInfo;)Z @ 12 c2
Event: 2044.750 Thread 0x0000022f21b2eb90 DEOPT PACKING pc=0x0000022ec8be5c6c sp=0x000000372c1fdcc0
Event: 2044.750 Thread 0x0000022f21b2eb90 DEOPT UNPACKING pc=0x0000022ec7ce3aa2 sp=0x000000372c1fdc58 mode 2
Event: 2044.815 Thread 0x0000022f1d622ee0 Uncommon trap: trap_request=0xffffffd6 fr.pc=0x0000022ec8beb004 relative=0x0000000000000a24
Event: 2044.815 Thread 0x0000022f1d622ee0 Uncommon trap: reason=array_check action=maybe_recompile pc=0x0000022ec8beb004 method=com.google.gson.internal.GsonTypes$ParameterizedTypeImpl.<init>(Ljava/lang/reflect/Type;Ljava/lang/Class;[Ljava/lang/reflect/Type;)V @ 136 c2
Event: 2044.815 Thread 0x0000022f1d622ee0 DEOPT PACKING pc=0x0000022ec8beb004 sp=0x000000372d4fed90
Event: 2044.815 Thread 0x0000022f1d622ee0 DEOPT UNPACKING pc=0x0000022ec7ce3aa2 sp=0x000000372d4fecd0 mode 2
Event: 2051.923 Thread 0x0000022f21b2eb90 DEOPT PACKING pc=0x0000022ec1bc2c9c sp=0x000000372c1fdd60
Event: 2051.923 Thread 0x0000022f21b2eb90 DEOPT UNPACKING pc=0x0000022ec7ce4242 sp=0x000000372c1fd1a0 mode 0
Event: 2061.779 Thread 0x0000022f217f7240 DEOPT PACKING pc=0x0000022ec17d88e5 sp=0x000000372d5fd700
Event: 2061.779 Thread 0x0000022f217f7240 DEOPT UNPACKING pc=0x0000022ec7ce4242 sp=0x000000372d5fcbb8 mode 0

Classes loaded (20 events):
Event: 668.748 Loading class java/util/concurrent/CompletableFuture$UniWhenComplete
Event: 668.749 Loading class java/util/concurrent/CompletableFuture$UniWhenComplete done
Event: 668.749 Loading class java/util/concurrent/CompletableFuture$UniCompose
Event: 668.749 Loading class java/util/concurrent/CompletableFuture$UniCompose done
Event: 668.749 Loading class java/util/concurrent/CompletableFuture$UniRelay
Event: 668.750 Loading class java/util/concurrent/CompletableFuture$UniRelay done
Event: 669.555 Loading class java/util/concurrent/ScheduledThreadPoolExecutor$DelayedWorkQueue$Itr
Event: 669.555 Loading class java/util/concurrent/ScheduledThreadPoolExecutor$DelayedWorkQueue$Itr done
Event: 670.722 Loading class java/lang/ProcessHandleImpl$ExitCompletion
Event: 670.722 Loading class java/lang/ProcessHandleImpl$ExitCompletion done
Event: 670.722 Loading class java/lang/ProcessHandleImpl$1
Event: 670.723 Loading class java/lang/ProcessHandleImpl$1 done
Event: 670.724 Loading class java/util/concurrent/CompletableFuture$UniHandle
Event: 670.724 Loading class java/util/concurrent/CompletableFuture$UniHandle done
Event: 1267.422 Loading class java/util/ImmutableCollections$SubList
Event: 1267.440 Loading class java/util/ImmutableCollections$SubList done
Event: 1680.386 Loading class java/lang/Throwable$WrappedPrintWriter
Event: 1680.391 Loading class java/lang/Throwable$PrintStreamOrWriter
Event: 1680.392 Loading class java/lang/Throwable$PrintStreamOrWriter done
Event: 1680.392 Loading class java/lang/Throwable$WrappedPrintWriter done

Classes unloaded (7 events):
Event: 22.766 Thread 0x0000022f151e4ff0 Unloading class 0x0000022ed51a4800 'java/lang/invoke/LambdaForm$MH+0x0000022ed51a4800'
Event: 22.766 Thread 0x0000022f151e4ff0 Unloading class 0x0000022ed51a4400 'java/lang/invoke/LambdaForm$MH+0x0000022ed51a4400'
Event: 22.766 Thread 0x0000022f151e4ff0 Unloading class 0x0000022ed51a4000 'java/lang/invoke/LambdaForm$MH+0x0000022ed51a4000'
Event: 22.766 Thread 0x0000022f151e4ff0 Unloading class 0x0000022ed51a3c00 'java/lang/invoke/LambdaForm$MH+0x0000022ed51a3c00'
Event: 22.766 Thread 0x0000022f151e4ff0 Unloading class 0x0000022ed51a3800 'java/lang/invoke/LambdaForm$BMH+0x0000022ed51a3800'
Event: 22.766 Thread 0x0000022f151e4ff0 Unloading class 0x0000022ed51a3400 'java/lang/invoke/LambdaForm$DMH+0x0000022ed51a3400'
Event: 22.766 Thread 0x0000022f151e4ff0 Unloading class 0x0000022ed51a2000 'java/lang/invoke/LambdaForm$DMH+0x0000022ed51a2000'

Classes redefined (0 events):
No events

Internal exceptions (20 events):
Event: 2051.901 Thread 0x0000022f21b2eb90 Exception <a 'sun/nio/fs/WindowsException'{0x00000000d5aaea00}> (0x00000000d5aaea00) 
thrown [s\src\hotspot\share\prims\jni.cpp, line 520]
Event: 2051.901 Thread 0x0000022f21b2eb90 Exception <a 'sun/nio/fs/WindowsException'{0x00000000d5ab18b0}> (0x00000000d5ab18b0) 
thrown [s\src\hotspot\share\prims\jni.cpp, line 520]
Event: 2061.615 Thread 0x0000022f1c866df0 Exception <a 'sun/nio/fs/WindowsException'{0x00000000d56dfa18}> (0x00000000d56dfa18) 
thrown [s\src\hotspot\share\prims\jni.cpp, line 520]
Event: 2061.712 Thread 0x0000022f217f7240 Exception <a 'sun/nio/fs/WindowsException'{0x00000000d5d49ab0}> (0x00000000d5d49ab0) 
thrown [s\src\hotspot\share\prims\jni.cpp, line 520]
Event: 2061.712 Thread 0x0000022f217f7240 Exception <a 'sun/nio/fs/WindowsException'{0x00000000d5d4a210}> (0x00000000d5d4a210) 
thrown [s\src\hotspot\share\prims\jni.cpp, line 520]
Event: 2061.712 Thread 0x0000022f217f7240 Exception <a 'sun/nio/fs/WindowsException'{0x00000000d5d4a740}> (0x00000000d5d4a740) 
thrown [s\src\hotspot\share\prims\jni.cpp, line 520]
Event: 2061.712 Thread 0x0000022f217f7240 Exception <a 'sun/nio/fs/WindowsException'{0x00000000d5d4aec0}> (0x00000000d5d4aec0) 
thrown [s\src\hotspot\share\prims\jni.cpp, line 520]
Event: 2061.720 Thread 0x0000022f217f7240 Exception <a 'sun/nio/fs/WindowsException'{0x00000000d5dad288}> (0x00000000d5dad288) 
thrown [s\src\hotspot\share\prims\jni.cpp, line 520]
Event: 2061.720 Thread 0x0000022f217f7240 Exception <a 'sun/nio/fs/WindowsException'{0x00000000d5dadee0}> (0x00000000d5dadee0) 
thrown [s\src\hotspot\share\prims\jni.cpp, line 520]
Event: 2061.862 Thread 0x0000022f1c866df0 Exception <a 'sun/nio/fs/WindowsException'{0x00000000d5d7d690}> (0x00000000d5d7d690) 
thrown [s\src\hotspot\share\prims\jni.cpp, line 520]
Event: 2061.926 Thread 0x0000022f21b2eb90 Exception <a 'sun/nio/fs/WindowsException'{0x00000000d60a5d30}> (0x00000000d60a5d30) 
thrown [s\src\hotspot\share\prims\jni.cpp, line 520]
Event: 2061.927 Thread 0x0000022f21b2eb90 Exception <a 'sun/nio/fs/WindowsException'{0x00000000d60a8908}> (0x00000000d60a8908) 
thrown [s\src\hotspot\share\prims\jni.cpp, line 520]
Event: 2070.291 Thread 0x0000022f1c866df0 Exception <a 'sun/nio/fs/WindowsException'{0x00000000d570eab8}> (0x00000000d570eab8) 
thrown [s\src\hotspot\share\prims\jni.cpp, line 520]
Event: 2070.364 Thread 0x0000022f217fa6c0 Exception <a 'sun/nio/fs/WindowsException'{0x00000000d6066188}> (0x00000000d6066188) 
thrown [s\src\hotspot\share\prims\jni.cpp, line 520]
Event: 2070.364 Thread 0x0000022f217fa6c0 Exception <a 'sun/nio/fs/WindowsException'{0x00000000d60666b8}> (0x00000000d60666b8) 
thrown [s\src\hotspot\share\prims\jni.cpp, line 520]
Event: 2070.364 Thread 0x0000022f217fa6c0 Exception <a 'sun/nio/fs/WindowsException'{0x00000000d6066be8}> (0x00000000d6066be8) 
thrown [s\src\hotspot\share\prims\jni.cpp, line 520]
Event: 2070.364 Thread 0x0000022f217fa6c0 Exception <a 'sun/nio/fs/WindowsException'{0x00000000d60670f8}> (0x00000000d60670f8) 
thrown [s\src\hotspot\share\prims\jni.cpp, line 520]
Event: 2070.369 Thread 0x0000022f217fa6c0 Exception <a 'sun/nio/fs/WindowsException'{0x00000000d62604c8}> (0x00000000d62604c8) 
thrown [s\src\hotspot\share\prims\jni.cpp, line 520]
Event: 2070.369 Thread 0x0000022f217fa6c0 Exception <a 'sun/nio/fs/WindowsException'{0x00000000d62888f8}> (0x00000000d62888f8) 
thrown [s\src\hotspot\share\prims\jni.cpp, line 520]
Event: 2070.434 Thread 0x0000022f1c866df0 Exception <a 'sun/nio/fs/WindowsException'{0x00000000d5746440}> (0x00000000d5746440) 
thrown [s\src\hotspot\share\prims\jni.cpp, line 520]

ZGC Phase Switch (0 events):
No events

VM Operations (20 events):
Event: 2405.053 Executing VM operation: HandshakeAllThreads (HandshakeForDeflation)
Event: 2405.053 Executing VM operation: HandshakeAllThreads (HandshakeForDeflation) done
Event: 2405.053 Executing VM operation: RendezvousGCThreads
Event: 2405.053 Executing VM operation: RendezvousGCThreads done
Event: 2465.067 Executing VM operation: HandshakeAllThreads (HandshakeForDeflation)
Event: 2465.067 Executing VM operation: HandshakeAllThreads (HandshakeForDeflation) done
Event: 2465.067 Executing VM operation: RendezvousGCThreads
Event: 2465.067 Executing VM operation: RendezvousGCThreads done
Event: 2585.404 Executing VM operation: HandshakeAllThreads (HandshakeForDeflation)
Event: 2585.404 Executing VM operation: HandshakeAllThreads (HandshakeForDeflation) done
Event: 2585.404 Executing VM operation: RendezvousGCThreads
Event: 2585.404 Executing VM operation: RendezvousGCThreads done
Event: 2645.581 Executing VM operation: HandshakeAllThreads (HandshakeForDeflation)
Event: 2645.581 Executing VM operation: HandshakeAllThreads (HandshakeForDeflation) done
Event: 2645.581 Executing VM operation: RendezvousGCThreads
Event: 2645.581 Executing VM operation: RendezvousGCThreads done
Event: 2765.918 Executing VM operation: HandshakeAllThreads (HandshakeForDeflation)
Event: 2765.918 Executing VM operation: HandshakeAllThreads (HandshakeForDeflation) done
Event: 2765.918 Executing VM operation: RendezvousGCThreads
Event: 2765.918 Executing VM operation: RendezvousGCThreads done

Memory protections (0 events):
No events

Nmethod flushes (20 events):
Event: 27.332 Thread 0x0000022f151e4ff0 flushing  nmethod 0x0000022ec0f06610
Event: 27.332 Thread 0x0000022f151e4ff0 flushing osr nmethod 0x0000022ec0f0e410
Event: 27.332 Thread 0x0000022f151e4ff0 flushing  nmethod 0x0000022ec0f10110
Event: 27.332 Thread 0x0000022f151e4ff0 flushing osr nmethod 0x0000022ec0f15110
Event: 27.332 Thread 0x0000022f151e4ff0 flushing osr nmethod 0x0000022ec0f52410
Event: 27.332 Thread 0x0000022f151e4ff0 flushing  nmethod 0x0000022ec0f70990
Event: 27.332 Thread 0x0000022f151e4ff0 flushing  nmethod 0x0000022ec0f7e790
Event: 27.332 Thread 0x0000022f151e4ff0 flushing  nmethod 0x0000022ec0f90e10
Event: 27.332 Thread 0x0000022f151e4ff0 flushing  nmethod 0x0000022ec0f91790
Event: 27.332 Thread 0x0000022f151e4ff0 flushing  nmethod 0x0000022ec0fa7c10
Event: 27.332 Thread 0x0000022f151e4ff0 flushing  nmethod 0x0000022ec0fa9490
Event: 27.332 Thread 0x0000022f151e4ff0 flushing  nmethod 0x0000022ec0fa9a90
Event: 27.332 Thread 0x0000022f151e4ff0 flushing  nmethod 0x0000022ec0faa310
Event: 27.332 Thread 0x0000022f151e4ff0 flushing  nmethod 0x0000022ec0faaa10
Event: 27.332 Thread 0x0000022f151e4ff0 flushing  nmethod 0x0000022ec0facc10
Event: 27.332 Thread 0x0000022f151e4ff0 flushing  nmethod 0x0000022ec0fcd810
Event: 27.332 Thread 0x0000022f151e4ff0 flushing  nmethod 0x0000022ec0fd2f90
Event: 27.332 Thread 0x0000022f151e4ff0 flushing  nmethod 0x0000022ec0fe5110
Event: 27.332 Thread 0x0000022f151e4ff0 flushing  nmethod 0x0000022ec0fe8b10
Event: 27.332 Thread 0x0000022f151e4ff0 flushing  nmethod 0x0000022ec102c690

Events (20 events):
Event: 2182.443 Thread 0x0000022f217fa6c0 Thread exited: 0x0000022f217fa6c0
Event: 2190.499 Thread 0x0000022f21b305d0 Thread exited: 0x0000022f21b305d0
Event: 2250.503 Thread 0x0000022f217fd4b0 Thread exited: 0x0000022f217fd4b0
Event: 2310.507 Thread 0x0000022f21b30c60 Thread exited: 0x0000022f21b30c60
Event: 2320.810 Thread 0x0000022f217fa030 Thread added: 0x0000022f217fa6c0
Event: 2320.811 Thread 0x0000022f217fa6c0 Thread added: 0x0000022f217fad50
Event: 2320.811 Thread 0x0000022f217fa6c0 Thread added: 0x0000022f217fb3e0
Event: 2320.811 Thread 0x0000022f217fb3e0 Thread exited: 0x0000022f217fb3e0
Event: 2320.811 Thread 0x0000022f217fa6c0 Thread exited: 0x0000022f217fa6c0
Event: 2320.811 Thread 0x0000022f217fad50 Thread exited: 0x0000022f217fad50
Event: 2320.823 Thread 0x0000022f217fa030 Thread added: 0x0000022f217fa6c0
Event: 2320.823 Thread 0x0000022f217fa6c0 Thread exited: 0x0000022f217fa6c0
Event: 2320.928 Thread 0x0000022f21b2bda0 Thread exited: 0x0000022f21b2bda0
Event: 2328.687 Thread 0x0000022f21b31980 Thread exited: 0x0000022f21b31980
Event: 2344.491 Thread 0x0000022f21b2f8b0 Thread exited: 0x0000022f21b2f8b0
Event: 2351.837 Thread 0x0000022f217f8c80 Thread exited: 0x0000022f217f8c80
Event: 2361.723 Thread 0x0000022f217fba70 Thread exited: 0x0000022f217fba70
Event: 2370.368 Thread 0x0000022f217f9310 Thread exited: 0x0000022f217f9310
Event: 2370.508 Thread 0x0000022f217f78d0 Thread exited: 0x0000022f217f78d0
Event: 2430.513 Thread 0x0000022f21b312f0 Thread exited: 0x0000022f21b312f0


Dynamic libraries:
0x00007ff78a160000 - 0x00007ff78a16e000 	c:\Users\jayen\.antigravity\extensions\redhat.java-1.52.0-win32-x64\jre\21.0.9-win32-x86_64\bin\java.exe
0x00007ffd51520000 - 0x00007ffd51787000 	C:\WINDOWS\SYSTEM32\ntdll.dll
0x00007ffd51210000 - 0x00007ffd512d9000 	C:\WINDOWS\System32\KERNEL32.DLL
0x00007ffd4e2e0000 - 0x00007ffd4e6d1000 	C:\WINDOWS\System32\KERNELBASE.dll
0x00007ffd4f170000 - 0x00007ffd4f2bb000 	C:\WINDOWS\System32\ucrtbase.dll
0x00007ffcf35f0000 - 0x00007ffcf3608000 	c:\Users\jayen\.antigravity\extensions\redhat.java-1.52.0-win32-x64\jre\21.0.9-win32-x86_64\bin\jli.dll
0x00007ffcf6ea0000 - 0x00007ffcf6ebe000 	c:\Users\jayen\.antigravity\extensions\redhat.java-1.52.0-win32-x64\jre\21.0.9-win32-x86_64\bin\VCRUNTIME140.dll
0x00007ffd51310000 - 0x00007ffd514d5000 	C:\WINDOWS\System32\USER32.dll
0x00007ffd3b870000 - 0x00007ffd3bb03000 	C:\WINDOWS\WinSxS\amd64_microsoft.windows.common-controls_6595b64144ccf1df_6.0.26100.8037_none_3e092faae333b53b\COMCTL32.dll
0x00007ffd4e010000 - 0x00007ffd4e037000 	C:\WINDOWS\System32\win32u.dll
0x00007ffd50330000 - 0x00007ffd503d9000 	C:\WINDOWS\System32\msvcrt.dll
0x00007ffd512e0000 - 0x00007ffd5130b000 	C:\WINDOWS\System32\GDI32.dll
0x00007ffd4e0f0000 - 0x00007ffd4e21b000 	C:\WINDOWS\System32\gdi32full.dll
0x00007ffd4e6e0000 - 0x00007ffd4e783000 	C:\WINDOWS\System32\msvcp_win.dll
0x00007ffd503e0000 - 0x00007ffd50411000 	C:\WINDOWS\System32\IMM32.DLL
0x00007ffd24d80000 - 0x00007ffd24d8c000 	c:\Users\jayen\.antigravity\extensions\redhat.java-1.52.0-win32-x64\jre\21.0.9-win32-x86_64\bin\vcruntime140_1.dll
0x00007ffc7a2c0000 - 0x00007ffc7a34d000 	c:\Users\jayen\.antigravity\extensions\redhat.java-1.52.0-win32-x64\jre\21.0.9-win32-x86_64\bin\msvcp140.dll
0x00007ffc76350000 - 0x00007ffc770f0000 	c:\Users\jayen\.antigravity\extensions\redhat.java-1.52.0-win32-x64\jre\21.0.9-win32-x86_64\bin\server\jvm.dll
0x00007ffd4f2c0000 - 0x00007ffd4f37b000 	C:\WINDOWS\System32\ADVAPI32.dll
0x00007ffd51160000 - 0x00007ffd51207000 	C:\WINDOWS\System32\sechost.dll
0x00007ffd4faf0000 - 0x00007ffd4fc08000 	C:\WINDOWS\System32\RPCRT4.dll
0x00007ffd50a20000 - 0x00007ffd50a94000 	C:\WINDOWS\System32\WS2_32.dll
0x00007ffd4dc80000 - 0x00007ffd4dcde000 	C:\WINDOWS\SYSTEM32\POWRPROF.dll
0x00007ffd455f0000 - 0x00007ffd455fb000 	C:\WINDOWS\SYSTEM32\VERSION.dll
0x00007ffd43de0000 - 0x00007ffd43e15000 	C:\WINDOWS\SYSTEM32\WINMM.dll
0x00007ffd4dc60000 - 0x00007ffd4dc74000 	C:\WINDOWS\SYSTEM32\UMPDC.dll
0x00007ffd4cb90000 - 0x00007ffd4cbab000 	C:\WINDOWS\SYSTEM32\kernel.appcore.dll
0x00007ffd24d00000 - 0x00007ffd24d0a000 	c:\Users\jayen\.antigravity\extensions\redhat.java-1.52.0-win32-x64\jre\21.0.9-win32-x86_64\bin\jimage.dll
0x00007ffd44260000 - 0x00007ffd444a2000 	C:\WINDOWS\SYSTEM32\DBGHELP.DLL
0x00007ffd50550000 - 0x00007ffd508d2000 	C:\WINDOWS\System32\combase.dll
0x00007ffd50940000 - 0x00007ffd50a17000 	C:\WINDOWS\System32\OLEAUT32.dll
0x00007ffd2cbb0000 - 0x00007ffd2cbeb000 	C:\WINDOWS\SYSTEM32\dbgcore.DLL
0x00007ffd4e040000 - 0x00007ffd4e0e5000 	C:\WINDOWS\System32\bcryptPrimitives.dll
0x00007ffd24ba0000 - 0x00007ffd24baf000 	c:\Users\jayen\.antigravity\extensions\redhat.java-1.52.0-win32-x64\jre\21.0.9-win32-x86_64\bin\instrument.dll
0x00007ffcf3130000 - 0x00007ffcf3150000 	c:\Users\jayen\.antigravity\extensions\redhat.java-1.52.0-win32-x64\jre\21.0.9-win32-x86_64\bin\java.dll
0x00007ffd4f380000 - 0x00007ffd4fadf000 	C:\WINDOWS\System32\SHELL32.dll
0x00007ffd4e790000 - 0x00007ffd4e8fa000 	C:\WINDOWS\System32\wintypes.dll
0x00007ffd4e900000 - 0x00007ffd4f164000 	C:\WINDOWS\System32\windows.storage.dll
0x00007ffd50420000 - 0x00007ffd50517000 	C:\WINDOWS\System32\SHCORE.dll
0x00007ffd50e20000 - 0x00007ffd50e87000 	C:\WINDOWS\System32\shlwapi.dll
0x00007ffd4dd20000 - 0x00007ffd4dd49000 	C:\WINDOWS\SYSTEM32\profapi.dll
0x00007ffc89410000 - 0x00007ffc89428000 	c:\Users\jayen\.antigravity\extensions\redhat.java-1.52.0-win32-x64\jre\21.0.9-win32-x86_64\bin\zip.dll
0x00007ffd24b70000 - 0x00007ffd24b80000 	C:\Users\jayen\.antigravity\extensions\redhat.java-1.52.0-win32-x64\jre\21.0.9-win32-x86_64\bin\net.dll
0x00007ffd47f70000 - 0x00007ffd48097000 	C:\WINDOWS\SYSTEM32\WINHTTP.dll
0x00007ffd4d100000 - 0x00007ffd4d16b000 	C:\WINDOWS\system32\mswsock.dll
0x00007ffc9d870000 - 0x00007ffc9d886000 	C:\Users\jayen\.antigravity\extensions\redhat.java-1.52.0-win32-x64\jre\21.0.9-win32-x86_64\bin\nio.dll
0x00007ffd24800000 - 0x00007ffd24810000 	c:\Users\jayen\.antigravity\extensions\redhat.java-1.52.0-win32-x64\jre\21.0.9-win32-x86_64\bin\verify.dll
0x00007ffc88640000 - 0x00007ffc88685000 	C:\Users\jayen\AppData\Roaming\Antigravity\User\globalStorage\redhat.java\1.52.0\config_win\org.eclipse.equinox.launcher\org.eclipse.equinox.launcher.win32.win32.x86_64_1.2.1500.v20260121-1430\eclipse_11919.dll
0x00007ffd50fc0000 - 0x00007ffd51155000 	C:\WINDOWS\System32\ole32.dll
0x00007ffd4d3e0000 - 0x00007ffd4d3fb000 	C:\WINDOWS\SYSTEM32\CRYPTSP.dll
0x00007ffd4caf0000 - 0x00007ffd4cb29000 	C:\WINDOWS\system32\rsaenh.dll
0x00007ffd4d1b0000 - 0x00007ffd4d1e2000 	C:\WINDOWS\SYSTEM32\USERENV.dll
0x00007ffd4dcf0000 - 0x00007ffd4dd1a000 	C:\WINDOWS\SYSTEM32\bcrypt.dll
0x00007ffd4d400000 - 0x00007ffd4d40c000 	C:\WINDOWS\SYSTEM32\CRYPTBASE.dll
0x00007ffd4c550000 - 0x00007ffd4c583000 	C:\WINDOWS\SYSTEM32\IPHLPAPI.DLL
0x00007ffd50fa0000 - 0x00007ffd50faa000 	C:\WINDOWS\System32\NSI.dll
0x00007ffc7c1c0000 - 0x00007ffc7c209000 	C:\Users\jayen\AppData\Local\Temp\jna--415109749\jna5730284289503846009.dll
0x00007ffd50fb0000 - 0x00007ffd50fb8000 	C:\WINDOWS\System32\PSAPI.DLL
0x00007ffd483a0000 - 0x00007ffd483bd000 	C:\WINDOWS\SYSTEM32\dhcpcsvc6.DLL
0x00007ffd48370000 - 0x00007ffd48393000 	C:\WINDOWS\SYSTEM32\dhcpcsvc.DLL
0x00007ffd2b140000 - 0x00007ffd2b14e000 	C:\Users\jayen\.antigravity\extensions\redhat.java-1.52.0-win32-x64\jre\21.0.9-win32-x86_64\bin\sunmscapi.dll
0x00007ffd4de00000 - 0x00007ffd4df77000 	C:\WINDOWS\System32\CRYPT32.dll
0x00007ffd4d600000 - 0x00007ffd4d630000 	C:\WINDOWS\SYSTEM32\ncrypt.dll
0x00007ffd4d5b0000 - 0x00007ffd4d5ef000 	C:\WINDOWS\SYSTEM32\NTASN1.dll
0x00007ffd4c5e0000 - 0x00007ffd4c70a000 	C:\WINDOWS\SYSTEM32\DNSAPI.dll
0x00007ffd47140000 - 0x00007ffd4714b000 	C:\Windows\System32\rasadhlp.dll
0x00007ffd484b0000 - 0x00007ffd48536000 	C:\WINDOWS\System32\fwpuclnt.dll
0x00007ffd29210000 - 0x00007ffd29219000 	C:\Users\jayen\.antigravity\extensions\redhat.java-1.52.0-win32-x64\jre\21.0.9-win32-x86_64\bin\extnet.dll

JVMTI agents:
c:\Users\jayen\.antigravity\extensions\redhat.java-1.52.0-win32-x64\lombok\lombok-1.18.39-4050.jar path:c:\Users\jayen\.antigravity\extensions\redhat.java-1.52.0-win32-x64\jre\21.0.9-win32-x86_64\bin\instrument.dll, loaded, initialized, instrumentlib options:none

dbghelp: loaded successfully - version: 4.0.5 - missing functions: none
symbol engine: initialized successfully - sym options: 0x614 - pdb path: .;c:\Users\jayen\.antigravity\extensions\redhat.java-1.52.0-win32-x64\jre\21.0.9-win32-x86_64\bin;C:\WINDOWS\SYSTEM32;C:\WINDOWS\WinSxS\amd64_microsoft.windows.common-controls_6595b64144ccf1df_6.0.26100.8037_none_3e092faae333b53b;c:\Users\jayen\.antigravity\extensions\redhat.java-1.52.0-win32-x64\jre\21.0.9-win32-x86_64\bin\server;C:\Users\jayen\AppData\Roaming\Antigravity\User\globalStorage\redhat.java\1.52.0\config_win\org.eclipse.equinox.launcher\org.eclipse.equinox.launcher.win32.win32.x86_64_1.2.1500.v20260121-1430;C:\Users\jayen\AppData\Local\Temp\jna--415109749

VM Arguments:
jvm_args: --add-modules=ALL-SYSTEM --add-opens=java.base/java.util=ALL-UNNAMED --add-opens=java.base/java.lang=ALL-UNNAMED --add-opens=java.base/sun.nio.fs=ALL-UNNAMED -Declipse.application=org.eclipse.jdt.ls.core.id1 -Dosgi.bundles.defaultStartLevel=4 -Declipse.product=org.eclipse.jdt.ls.core.product -Djava.import.generatesMetadataFilesAtProjectRoot=false -DDetectVMInstallationsJob.disabled=true -Dfile.encoding=utf8 -XX:+UseParallelGC -XX:GCTimeRatio=4 -XX:AdaptiveSizePolicyWeight=90 -Dsun.zip.disableMemoryMapping=true -Xmx2G -Xms100m -Xlog:disable -javaagent:c:\Users\jayen\.antigravity\extensions\redhat.java-1.52.0-win32-x64\lombok\lombok-1.18.39-4050.jar -XX:+HeapDumpOnOutOfMemoryError -XX:HeapDumpPath=c:\Users\jayen\AppData\Roaming\Antigravity\User\workspaceStorage\8c486b5229db75e263763b043a16339d\redhat.java -Daether.dependencyCollector.impl=bf 
java_command: c:\Users\jayen\.antigravity\extensions\redhat.java-1.52.0-win32-x64\server\plugins\org.eclipse.equinox.launcher_1.7.100.v20251111-0406.jar -configuration c:\Users\jayen\AppData\Roaming\Antigravity\User\globalStorage\redhat.java\1.52.0\config_win -data c:\Users\jayen\AppData\Roaming\Antigravity\User\workspaceStorage\8c486b5229db75e263763b043a16339d\redhat.java\jdt_ws --pipe=\\.\pipe\lsp-bd6dd22fe3711fcebb02ef3430508448-sock
java_class_path (initial): c:\Users\jayen\.antigravity\extensions\redhat.java-1.52.0-win32-x64\server\plugins\org.eclipse.equinox.launcher_1.7.100.v20251111-0406.jar
Launcher Type: SUN_STANDARD

[Global flags]
    uintx AdaptiveSizePolicyWeight                 = 90                                        {product} {command line}
     intx CICompilerCount                          = 4                                         {product} {ergonomic}
    uintx GCTimeRatio                              = 4                                         {product} {command line}
     bool HeapDumpOnOutOfMemoryError               = true                                   {manageable} {command line}
    ccstr HeapDumpPath                             = c:\Users\jayen\AppData\Roaming\Antigravity\User\workspaceStorage\8c486b5229db75e263763b043a16339d\redhat.java         {manageable} {command line}
   size_t InitialHeapSize                          = 104857600                                 {product} {command line}
   size_t MaxHeapSize                              = 2147483648                                {product} {command line}
   size_t MaxNewSize                               = 715653120                                 {product} {ergonomic}
   size_t MinHeapDeltaBytes                        = 524288                                    {product} {ergonomic}
   size_t MinHeapSize                              = 104857600                                 {product} {command line}
   size_t NewSize                                  = 34603008                                  {product} {ergonomic}
    uintx NonNMethodCodeHeapSize                   = 5839372                                {pd product} {ergonomic}
    uintx NonProfiledCodeHeapSize                  = 122909434                              {pd product} {ergonomic}
   size_t OldSize                                  = 70254592                                  {product} {ergonomic}
    uintx ProfiledCodeHeapSize                     = 122909434                              {pd product} {ergonomic}
    uintx ReservedCodeCacheSize                    = 251658240                              {pd product} {ergonomic}
     bool SegmentedCodeCache                       = true                                      {product} {ergonomic}
   size_t SoftMaxHeapSize                          = 2147483648                             {manageable} {ergonomic}
     bool UseCompressedOops                        = true                           {product lp64_product} {ergonomic}
     bool UseLargePagesIndividualAllocation        = false                                  {pd product} {ergonomic}
     bool UseParallelGC                            = true                                      {product} {command line}

Logging:
Log output configuration:
 #0: stdout all=off uptime,level,tags foldmultilines=false
 #1: stderr all=off uptime,level,tags foldmultilines=false

Release file:
JAVA_VERSION="21.0.9" 
MODULES="java.base java.compiler java.datatransfer java.xml java.prefs java.desktop java.instrument java.logging java.management java.security.sasl java.naming java.rmi java.management.rmi java.net.http java.scripting java.security.jgss java.transaction.xa java.sql java.sql.rowset java.xml.crypto java.se java.smartcardio jdk.accessibility jdk.internal.jvmstat jdk.attach jdk.charsets jdk.internal.opt jdk.zipfs jdk.compiler jdk.crypto.ec jdk.crypto.cryptoki jdk.crypto.mscapi jdk.dynalink jdk.internal.ed jdk.editpad jdk.hotspot.agent jdk.httpserver jdk.internal.le jdk.internal.vm.ci jdk.internal.vm.compiler jdk.internal.vm.compiler.management jdk.jartool jdk.javadoc jdk.jcmd jdk.management jdk.management.agent jdk.jconsole jdk.jdeps jdk.jdwp.agent jdk.jdi jdk.jfr jdk.jshell jdk.jsobject jdk.jstatd jdk.localedata jdk.management.jfr jdk.naming.dns jdk.naming.rmi jdk.net jdk.nio.mapmode jdk.random jdk.sctp jdk.security.auth jdk.security.jgss jdk.unsupported jdk.unsupported.desktop jdk.xml.dom" 

Environment Variables:
PATH=C:\Program Files\Addinsoft\XLSTAT\;C:\Program Files\Common Files\Oracle\Java\javapath;C:\Program Files (x86)\Common Files\Oracle\Java\java8path;C:\Program Files (x86)\Common Files\Oracle\Java\javapath;C:\windows\system32;C:\windows;C:\windows\System32\Wbem;C:\windows\System32\WindowsPowerShell\v1.0\;C:\windows\System32\OpenSSH\;C:\Program Files (x86)\NVIDIA Corporation\PhysX\Common;C:\Users\Administrator\AppData\Local\Microsoft\WindowsApps;C:\Program Files\HP\OMEN-Broadcast\Common;C:\Program Files\Docker\Docker\resources\bin;C:\Program Files\MySQL\MySQL Server 8.0\bin;C:\MinGW\bin;C:\hadoop\bin;C:\hadoop\sbin;C:\WINDOWS\system32;C:\WINDOWS;C:\WINDOWS\System32\Wbem;C:\WINDOWS\System32\WindowsPowerShell\v1.0\;C:\WINDOWS\System32\OpenSSH\;C:\Program Files\MongoDB\Server\8.0\bin;C:\Program Files\Git\cmd;C:\Program Files\nodejs\node.exe;C:\Program Files\NVIDIA Corporation\NVIDIA App\NvDLISR;C:\Program Files\PuTTY\;C:\Program Files\nodejs\;C:\Users\jayen\AppData\Local\Programs\Python\Python312\Scripts\;C:\Users\jayen\AppData\Local\Programs\Python\Python312\;C:\Program Files\MySQL\MySQL Shell 8.0\bin\;C:\Users\jayen\AppData\Local\Microsoft\WindowsApps;C:\Program Files\JetBrains\PyCharm Community Edition 2023.3.3\bin;;C:\Users\jayen\AppData\Local\Programs\Microsoft VS Code\bin;C:\flutter\bin;C:\MinGW\bin;C:\Program Files\mongosh\;C:\Users\jayen\AppData\Roaming\npm;C:\Users\jayen\AppData\Local\Programs\Antigravity\bin
USERNAME=Jayragav
OS=Windows_NT
PROCESSOR_IDENTIFIER=AMD64 Family 25 Model 68 Stepping 1, AuthenticAMD
TMP=C:\Users\jayen\AppData\Local\Temp
TEMP=C:\Users\jayen\AppData\Local\Temp




Periodic native trim disabled

---------------  S Y S T E M  ---------------

OS:
 Windows 11 , 64 bit Build 26100 (10.0.26100.7920)
OS uptime: 0 days 0:57 hours
Hyper-V role detected

CPU: total 12 (initial active 12) (12 cores per cpu, 2 threads per core) family 25 model 68 stepping 1 microcode 0xa404107, cx8, cmov, fxsr, ht, mmx, 3dnowpref, sse, sse2, sse3, ssse3, sse4a, sse4.1, sse4.2, popcnt, lzcnt, tsc, tscinvbit, avx, avx2, aes, erms, clmul, bmi1, bmi2, adx, sha, fma, vzeroupper, clflush, clflushopt, hv, rdtscp, rdpid, fsrm, f16c, cet_ss
Processor Information for processor 0
  Max Mhz: 3301, Current Mhz: 2496, Mhz Limit: 3301
Processor Information for processor 1
  Max Mhz: 3301, Current Mhz: 3301, Mhz Limit: 3301
Processor Information for processor 2
  Max Mhz: 3301, Current Mhz: 3301, Mhz Limit: 3301
Processor Information for processor 3
  Max Mhz: 3301, Current Mhz: 2496, Mhz Limit: 3301
Processor Information for processor 4
  Max Mhz: 3301, Current Mhz: 2496, Mhz Limit: 3301
Processor Information for processor 5
  Max Mhz: 3301, Current Mhz: 2496, Mhz Limit: 3301
Processor Information for processor 6
  Max Mhz: 3301, Current Mhz: 3301, Mhz Limit: 3301
Processor Information for processor 7
  Max Mhz: 3301, Current Mhz: 3301, Mhz Limit: 3301
Processor Information for processor 8
  Max Mhz: 3301, Current Mhz: 2496, Mhz Limit: 3301
Processor Information for processor 9
  Max Mhz: 3301, Current Mhz: 2496, Mhz Limit: 3301
Processor Information for processor 10
  Max Mhz: 3301, Current Mhz: 2496, Mhz Limit: 3301
Processor Information for processor 11
  Max Mhz: 3301, Current Mhz: 2496, Mhz Limit: 3301

Memory: 4k page, system-wide physical 7381M (747M free)
TotalPageFile size 20051M (AvailPageFile size 3M)
current process WorkingSet (physical memory assigned to process): 18M, peak: 350M
current process commit charge ("private bytes"): 452M, peak: 458M

vm_info: OpenJDK 64-Bit Server VM (21.0.9+10-LTS) for windows-amd64 JRE (21.0.9+10-LTS), built on 2025-10-21T00:00:00Z by "admin" with unknown MS VC++:1942

END.
